Validating ../runs/train/exp2/weights/best.pt...
Fusing layers... 
Model Summary: 213 layers, 7015519 parameters, 0 gradients, 15.8 GFLOPs

               Class     Images     Labels          P          R     mAP@.5 mAP@.5:.95:   0%|          | 0/29 [00:00<?, ?it/s]
               Class     Images     Labels          P          R     mAP@.5 mAP@.5:.95:   3%|â–Ž         | 1/29 [00:00<00:04,  6.11it/s]
               Class     Images     Labels          P          R     mAP@.5 mAP@.5:.95:   7%|â–‹         | 2/29 [00:00<00:07,  3.77it/s]
               Class     Images     Labels          P          R     mAP@.5 mAP@.5:.95:  10%|â–ˆ         | 3/29 [00:01<00:08,  3.03it/s]
               Class     Images     Labels          P          R     mAP@.5 mAP@.5:.95:  14%|â–ˆâ–        | 4/29 [00:01<00:09,  2.65it/s]
               Class     Images     Labels          P          R     mAP@.5 mAP@.5:.95:  17%|â–ˆâ–‹        | 5/29 [00:01<00:07,  3.28it/s]
               Class     Images     Labels          P          R     mAP@.5 mAP@.5:.95:  21%|â–ˆâ–ˆ        | 6/29 [00:01<00:05,  3.91it/s]
               Class     Images     Labels          P          R     mAP@.5 mAP@.5:.95:  24%|â–ˆâ–ˆâ–       | 7/29 [00:02<00:04,  4.51it/s]
               Class     Images     Labels          P          R     mAP@.5 mAP@.5:.95:  28%|â–ˆâ–ˆâ–Š       | 8/29 [00:02<00:04,  5.10it/s]
               Class     Images     Labels          P          R     mAP@.5 mAP@.5:.95:  31%|â–ˆâ–ˆâ–ˆ       | 9/29 [00:02<00:03,  5.65it/s]
               Class     Images     Labels          P          R     mAP@.5 mAP@.5:.95:  34%|â–ˆâ–ˆâ–ˆâ–      | 10/29 [00:02<00:03,  6.03it/s]
               Class     Images     Labels          P          R     mAP@.5 mAP@.5:.95:  38%|â–ˆâ–ˆâ–ˆâ–Š      | 11/29 [00:02<00:02,  6.32it/s]
               Class     Images     Labels          P          R     mAP@.5 mAP@.5:.95:  41%|â–ˆâ–ˆâ–ˆâ–ˆâ–     | 12/29 [00:02<00:02,  6.48it/s]
               Class     Images     Labels          P          R     mAP@.5 mAP@.5:.95:  45%|â–ˆâ–ˆâ–ˆâ–ˆâ–     | 13/29 [00:02<00:02,  6.68it/s]
               Class     Images     Labels          P          R     mAP@.5 mAP@.5:.95:  48%|â–ˆâ–ˆâ–ˆâ–ˆâ–Š     | 14/29 [00:03<00:02,  6.82it/s]
               Class     Images     Labels          P          R     mAP@.5 mAP@.5:.95:  52%|â–ˆâ–ˆâ–ˆâ–ˆâ–ˆâ–    | 15/29 [00:03<00:02,  6.87it/s]
               Class     Images     Labels          P          R     mAP@.5 mAP@.5:.95:  55%|â–ˆâ–ˆâ–ˆâ–ˆâ–ˆâ–Œ    | 16/29 [00:03<00:01,  6.84it/s]
               Class     Images     Labels          P          R     mAP@.5 mAP@.5:.95:  59%|â–ˆâ–ˆâ–ˆâ–ˆâ–ˆâ–Š    | 17/29 [00:03<00:01,  6.90it/s]
               Class     Images     Labels          P          R     mAP@.5 mAP@.5:.95:  62%|â–ˆâ–ˆâ–ˆâ–ˆâ–ˆâ–ˆâ–   | 18/29 [00:03<00:01,  6.93it/s]
               Class     Images     Labels          P          R     mAP@.5 mAP@.5:.95:  66%|â–ˆâ–ˆâ–ˆâ–ˆâ–ˆâ–ˆâ–Œ   | 19/29 [00:03<00:01,  6.95it/s]
               Class     Images     Labels          P          R     mAP@.5 mAP@.5:.95:  69%|â–ˆâ–ˆâ–ˆâ–ˆâ–ˆâ–ˆâ–‰   | 20/29 [00:03<00:01,  6.97it/s]
               Class     Images     Labels          P          R     mAP@.5 mAP@.5:.95:  72%|â–ˆâ–ˆâ–ˆâ–ˆâ–ˆâ–ˆâ–ˆâ–  | 21/29 [00:04<00:01,  5.90it/s]
               Class     Images     Labels          P          R     mAP@.5 mAP@.5:.95:  76%|â–ˆâ–ˆâ–ˆâ–ˆâ–ˆâ–ˆâ–ˆâ–Œ  | 22/29 [00:04<00:01,  6.19it/s]
               Class     Images     Labels          P          R     mAP@.5 mAP@.5:.95:  79%|â–ˆâ–ˆâ–ˆâ–ˆâ–ˆâ–ˆâ–ˆâ–‰  | 23/29 [00:04<00:00,  6.40it/s]
               Class     Images     Labels          P          R     mAP@.5 mAP@.5:.95:  83%|â–ˆâ–ˆâ–ˆâ–ˆâ–ˆâ–ˆâ–ˆâ–ˆâ–Ž | 24/29 [00:04<00:00,  6.59it/s]
               Class     Images     Labels          P          R     mAP@.5 mAP@.5:.95:  86%|â–ˆâ–ˆâ–ˆâ–ˆâ–ˆâ–ˆâ–ˆâ–ˆâ–Œ | 25/29 [00:04<00:00,  6.66it/s]
               Class     Images     Labels          P          R     mAP@.5 mAP@.5:.95:  90%|â–ˆâ–ˆâ–ˆâ–ˆâ–ˆâ–ˆâ–ˆâ–ˆâ–‰ | 26/29 [00:04<00:00,  6.78it/s]
               Class     Images     Labels          P          R     mAP@.5 mAP@.5:.95:  93%|â–ˆâ–ˆâ–ˆâ–ˆâ–ˆâ–ˆâ–ˆâ–ˆâ–ˆâ–Ž| 27/29 [00:04<00:00,  6.89it/s]
               Class     Images     Labels          P          R     mAP@.5 mAP@.5:.95:  97%|â–ˆâ–ˆâ–ˆâ–ˆâ–ˆâ–ˆâ–ˆâ–ˆâ–ˆâ–‹| 28/29 [00:05<00:00,  6.93it/s]
               Class     Images     Labels          P          R     mAP@.5 mAP@.5:.95: 100%|â–ˆâ–ˆâ–ˆâ–ˆâ–ˆâ–ˆâ–ˆâ–ˆâ–ˆâ–ˆ| 29/29 [00:05<00:00,  5.65it/s]
                 all        898       4104      0.997      0.992      0.995       0.92
             droplet        898       4104      0.997      0.992      0.995       0.92
Results saved to [1m../runs/train/exp2[0m